app/build/intermediates/manifest_merge_blame_file/debug/manifest-merger-blame-debug-report.txt
1<?xml version="1.0" encoding="utf-8"?>
2<manifest xmlns:android="http://schemas.android.com/apk/res/android"
3    package="com.justtype.shellkeyboard" >
4
5    <uses-sdk
6        android:minSdkVersion="28"
7        android:targetSdkVersion="35" />
8
9    <!-- LAN sync permission (optional, only when enabled) -->
10    <uses-permission
10-->src\main\AndroidManifest.xml:6:5-92
11        android:name="android.permission.INTERNET"
11-->src\main\AndroidManifest.xml:6:22-64
12        android:required="false" />
12-->src\main\AndroidManifest.xml:6:65-89
13    <uses-permission
13-->src\main\AndroidManifest.xml:7:5-104
14        android:name="android.permission.ACCESS_NETWORK_STATE"
14-->src\main\AndroidManifest.xml:7:22-76
15        android:required="false" />
15-->src\main\AndroidManifest.xml:7:77-101
16    <uses-permission
16-->src\main\AndroidManifest.xml:8:5-101
17        android:name="android.permission.ACCESS_WIFI_STATE"
17-->src\main\AndroidManifest.xml:8:22-73
18        android:required="false" />
18-->src\main\AndroidManifest.xml:8:74-98
19    <uses-permission
19-->src\main\AndroidManifest.xml:9:5-111
20        android:name="android.permission.CHANGE_WIFI_MULTICAST_STATE"
20-->src\main\AndroidManifest.xml:9:22-83
21        android:required="false" />
21-->src\main\AndroidManifest.xml:9:84-108
22
23    <!-- Vibration for haptic feedback -->
24    <uses-permission android:name="android.permission.VIBRATE" />
24-->src\main\AndroidManifest.xml:12:5-66
24-->src\main\AndroidManifest.xml:12:22-63
25
26    <permission
26-->[androidx.core:core:1.13.1] AndroidManifest.xml:22:5-24:47
27        android:name="com.justtype.shellkeyboard.DYNAMIC_RECEIVER_NOT_EXPORTED_PERMISSION"
27-->[androidx.core:core:1.13.1] AndroidManifest.xml:23:9-81
28        android:protectionLevel="signature" />
28-->[androidx.core:core:1.13.1] AndroidManifest.xml:24:9-44
29
30    <uses-permission android:name="com.justtype.shellkeyboard.DYNAMIC_RECEIVER_NOT_EXPORTED_PERMISSION" />
30-->[androidx.core:core:1.13.1] AndroidManifest.xml:26:5-97
30-->[androidx.core:core:1.13.1] AndroidManifest.xml:26:22-94
31
32    <application
32-->src\main\AndroidManifest.xml:14:5-51:19
33        android:allowBackup="true"
33-->src\main\AndroidManifest.xml:15:9-35
34        android:appComponentFactory="androidx.core.app.CoreComponentFactory"
34-->[androidx.core:core:1.13.1] AndroidManifest.xml:28:18-86
35        android:dataExtractionRules="@xml/data_extraction_rules"
35-->src\main\AndroidManifest.xml:16:9-65
36        android:debuggable="true"
37        android:extractNativeLibs="false"
38        android:fullBackupContent="@xml/backup_rules"
38-->src\main\AndroidManifest.xml:17:9-54
39        android:icon="@mipmap/ic_launcher"
39-->src\main\AndroidManifest.xml:18:9-43
40        android:label="@string/app_name"
40-->src\main\AndroidManifest.xml:19:9-41
41        android:roundIcon="@mipmap/ic_launcher_round"
41-->src\main\AndroidManifest.xml:20:9-54
42        android:supportsRtl="true"
42-->src\main\AndroidManifest.xml:21:9-35
43        android:theme="@style/Theme.ShellKeyboard" >
43-->src\main\AndroidManifest.xml:22:9-51
44
45        <!-- IME Service -->
46        <service
46-->src\main\AndroidManifest.xml:26:9-37:19
47            android:name="com.justtype.shellkeyboard.app.ShellInputMethodService"
47-->src\main\AndroidManifest.xml:27:13-52
48            android:exported="true"
48-->src\main\AndroidManifest.xml:28:13-36
49            android:label="@string/ime_label"
49-->src\main\AndroidManifest.xml:29:13-46
50            android:permission="android.permission.BIND_INPUT_METHOD" >
50-->src\main\AndroidManifest.xml:30:13-70
51            <intent-filter>
51-->src\main\AndroidManifest.xml:31:13-33:29
52                <action android:name="android.view.InputMethod" />
52-->src\main\AndroidManifest.xml:32:17-67
52-->src\main\AndroidManifest.xml:32:25-64
53            </intent-filter>
54
55            <meta-data
55-->src\main\AndroidManifest.xml:34:13-36:50
56                android:name="android.view.im"
56-->src\main\AndroidManifest.xml:35:17-47
57                android:resource="@xml/method" />
57-->src\main\AndroidManifest.xml:36:17-47
58        </service>
59
60        <!-- Settings Activity -->
61        <activity
61-->src\main\AndroidManifest.xml:40:9-49:20
62            android:name="com.justtype.shellkeyboard.app.SettingsActivity"
62-->src\main\AndroidManifest.xml:41:13-45
63            android:exported="true"
63-->src\main\AndroidManifest.xml:42:13-36
64            android:label="@string/settings_title"
64-->src\main\AndroidManifest.xml:43:13-51
65            android:theme="@style/Theme.ShellKeyboard" >
65-->src\main\AndroidManifest.xml:44:13-55
66            <intent-filter>
66-->src\main\AndroidManifest.xml:45:13-48:29
67                <action android:name="android.intent.action.MAIN" />
67-->src\main\AndroidManifest.xml:46:17-69
67-->src\main\AndroidManifest.xml:46:25-66
68
69                <category android:name="android.intent.category.LAUNCHER" />
69-->src\main\AndroidManifest.xml:47:17-77
69-->src\main\AndroidManifest.xml:47:27-74
70            </intent-filter>
71        </activity>
72
73        <provider
73-->[androidx.emoji2:emoji2:1.3.0] AndroidManifest.xml:24:9-32:20
74            android:name="androidx.startup.InitializationProvider"
74-->[androidx.emoji2:emoji2:1.3.0] AndroidManifest.xml:25:13-67
75            android:authorities="com.justtype.shellkeyboard.androidx-startup"
75-->[androidx.emoji2:emoji2:1.3.0] AndroidManifest.xml:26:13-68
76            android:exported="false" >
76-->[androidx.emoji2:emoji2:1.3.0] AndroidManifest.xml:27:13-37
77            <meta-data
77-->[androidx.emoji2:emoji2:1.3.0] AndroidManifest.xml:29:13-31:52
78                android:name="androidx.emoji2.text.EmojiCompatInitializer"
78-->[androidx.emoji2:emoji2:1.3.0] AndroidManifest.xml:30:17-75
79                android:value="androidx.startup" />
79-->[androidx.emoji2:emoji2:1.3.0] AndroidManifest.xml:31:17-49
80            <meta-data
80-->[androidx.lifecycle:lifecycle-process:2.8.4] AndroidManifest.xml:29:13-31:52
81                android:name="androidx.lifecycle.ProcessLifecycleInitializer"
81-->[androidx.lifecycle:lifecycle-process:2.8.4] AndroidManifest.xml:30:17-78
82                android:value="androidx.startup" />
82-->[androidx.lifecycle:lifecycle-process:2.8.4] AndroidManifest.xml:31:17-49
83            <meta-data
83-->[androidx.profileinstaller:profileinstaller:1.3.1] AndroidManifest.xml:29:13-31:52
84                android:name="androidx.profileinstaller.ProfileInstallerInitializer"
84-->[androidx.profileinstaller:profileinstaller:1.3.1] AndroidManifest.xml:30:17-85
85                android:value="androidx.startup" />
85-->[androidx.profileinstaller:profileinstaller:1.3.1] AndroidManifest.xml:31:17-49
86        </provider>
87
88        <uses-library
88-->[androidx.window:window:1.0.0] AndroidManifest.xml:25:9-27:40
89            android:name="androidx.window.extensions"
89-->[androidx.window:window:1.0.0] AndroidManifest.xml:26:13-54
90            android:required="false" />
90-->[androidx.window:window:1.0.0] AndroidManifest.xml:27:13-37
91        <uses-library
91-->[androidx.window:window:1.0.0] AndroidManifest.xml:28:9-30:40
92            android:name="androidx.window.sidecar"
92-->[androidx.window:window:1.0.0] AndroidManifest.xml:29:13-51
93            android:required="false" />
93-->[androidx.window:window:1.0.0] AndroidManifest.xml:30:13-37
94
95        <service
95-->[androidx.room:room-runtime:2.6.1] AndroidManifest.xml:24:9-28:63
96            android:name="androidx.room.MultiInstanceInvalidationService"
96-->[androidx.room:room-runtime:2.6.1] AndroidManifest.xml:25:13-74
97            android:directBootAware="true"
97-->[androidx.room:room-runtime:2.6.1] AndroidManifest.xml:26:13-43
98            android:exported="false" />
98-->[androidx.room:room-runtime:2.6.1] AndroidManifest.xml:27:13-37
99
100        <receiver
100-->[androidx.profileinstaller:profileinstaller:1.3.1] AndroidManifest.xml:34:9-52:20
101            android:name="androidx.profileinstaller.ProfileInstallReceiver"
101-->[androidx.profileinstaller:profileinstaller:1.3.1] AndroidManifest.xml:35:13-76
102            android:directBootAware="false"
102-->[androidx.profileinstaller:profileinstaller:1.3.1] AndroidManifest.xml:36:13-44
103            android:enabled="true"
103-->[androidx.profileinstaller:profileinstaller:1.3.1] AndroidManifest.xml:37:13-35
104            android:exported="true"
104-->[androidx.profileinstaller:profileinstaller:1.3.1] AndroidManifest.xml:38:13-36
105            android:permission="android.permission.DUMP" >
105-->[androidx.profileinstaller:profileinstaller:1.3.1] AndroidManifest.xml:39:13-57
106            <intent-filter>
106-->[androidx.profileinstaller:profileinstaller:1.3.1] AndroidManifest.xml:40:13-42:29
107                <action android:name="androidx.profileinstaller.action.INSTALL_PROFILE" />
107-->[androidx.profileinstaller:profileinstaller:1.3.1] AndroidManifest.xml:41:17-91
107-->[androidx.profileinstaller:profileinstaller:1.3.1] AndroidManifest.xml:41:25-88
108            </intent-filter>
109            <intent-filter>
109-->[androidx.profileinstaller:profileinstaller:1.3.1] AndroidManifest.xml:43:13-45:29
110                <action android:name="androidx.profileinstaller.action.SKIP_FILE" />
110-->[androidx.profileinstaller:profileinstaller:1.3.1] AndroidManifest.xml:44:17-85
110-->[androidx.profileinstaller:profileinstaller:1.3.1] AndroidManifest.xml:44:25-82
111            </intent-filter>
112            <intent-filter>
112-->[androidx.profileinstaller:profileinstaller:1.3.1] AndroidManifest.xml:46:13-48:29
113                <action android:name="androidx.profileinstaller.action.SAVE_PROFILE" />
113-->[androidx.profileinstaller:profileinstaller:1.3.1] AndroidManifest.xml:47:17-88
113-->[androidx.profileinstaller:profileinstaller:1.3.1] AndroidManifest.xml:47:25-85
114            </intent-filter>
115            <intent-filter>
115-->[androidx.profileinstaller:profileinstaller:1.3.1] AndroidManifest.xml:49:13-51:29
116                <action android:name="androidx.profileinstaller.action.BENCHMARK_OPERATION" />
116-->[androidx.profileinstaller:profileinstaller:1.3.1] AndroidManifest.xml:50:17-95
116-->[androidx.profileinstaller:profileinstaller:1.3.1] AndroidManifest.xml:50:25-92
117            </intent-filter>
118        </receiver>
119    </application>
120
121</manifest>